<?xml version="1.0" encoding="UTF-8"?>
<!-- Generated by org.testng.reporters.JUnitReportReporter -->
<testsuite hostname="Mohammed_Arham" failures="0" tests="5" name="testcases.TC003LoginDataDrivenTC" time="35.070" errors="0" timestamp="2025-07-22T18:22:40 EDT" skipped="0">
  <testcase classname="testcases.TC003LoginDataDrivenTC" name="verify_LoginDDT" time="6.676"/>
  <testcase classname="testcases.TC003LoginDataDrivenTC" name="verify_LoginDDT" time="7.560"/>
  <testcase classname="testcases.TC003LoginDataDrivenTC" name="verify_LoginDDT" time="7.363"/>
  <testcase classname="testcases.TC003LoginDataDrivenTC" name="verify_LoginDDT" time="6.508"/>
  <testcase classname="testcases.TC003LoginDataDrivenTC" name="verify_LoginDDT" time="6.963"/>
</testsuite> <!-- testcases.TC003LoginDataDrivenTC -->
