<?xml version="1.0" encoding="UTF-8"?>
<!-- Generated by org.testng.reporters.JUnitReportReporter -->
<testsuite hostname="Mohammed_Arham" failures="0" tests="1" name="testcases.TC001_HomePageTest" time="0.008" errors="0" timestamp="2025-05-01T12:37:52 EDT" skipped="0">
  <testcase classname="testcases.TC001_HomePageTest" name="Test" time="0.008"/>
</testsuite> <!-- testcases.TC001_HomePageTest -->
