<?xml version="1.0" encoding="UTF-8"?>
<!-- Generated by org.testng.reporters.JUnitReportReporter -->
<testsuite hostname="Mohammed_Arham" failures="0" tests="1" name="testcases.TC002_AccountLoginTest" time="5.262" errors="0" timestamp="2025-07-08T17:40:59 EDT" skipped="0">
  <testcase classname="testcases.TC002_AccountLoginTest" name="verify_login" time="5.262"/>
</testsuite> <!-- testcases.TC002_AccountLoginTest -->
