<?xml version="1.0" encoding="UTF-8"?>
<!-- Generated by org.testng.reporters.JUnitReportReporter -->
<testsuite hostname="Mohammed_Arham" failures="0" tests="1" name="testcases.TC002_AccountLoginTest" time="5.063" errors="0" timestamp="2025-07-17T19:36:43 EDT" skipped="0">
  <testcase classname="testcases.TC002_AccountLoginTest" name="verify_login" time="5.063"/>
</testsuite> <!-- testcases.TC002_AccountLoginTest -->
