<?xml version="1.0" encoding="UTF-8"?>
<!-- Generated by org.testng.reporters.JUnitReportReporter -->
<testsuite hostname="Mohammed_Arham" failures="0" tests="1" name="testcases.TC001_AccountRegisterTest" time="6.464" errors="0" timestamp="2025-07-30T14:58:02 EDT" skipped="0">
  <testcase classname="testcases.TC001_AccountRegisterTest" name="verify_AccountRegistration" time="6.464"/>
</testsuite> <!-- testcases.TC001_AccountRegisterTest -->
