<?xml version="1.0" encoding="UTF-8"?>
<!-- Generated by org.testng.reporters.JUnitReportReporter -->
<testsuite hostname="Mohammed_Arham" failures="0" tests="5" name="testcases.TC003LoginDataDrivenTC" time="28.304" errors="0" timestamp="2025-07-30T14:58:02 EDT" skipped="0">
  <testcase classname="testcases.TC003LoginDataDrivenTC" name="verify_LoginDDT" time="5.780"/>
  <testcase classname="testcases.TC003LoginDataDrivenTC" name="verify_LoginDDT" time="5.620"/>
  <testcase classname="testcases.TC003LoginDataDrivenTC" name="verify_LoginDDT" time="5.512"/>
  <testcase classname="testcases.TC003LoginDataDrivenTC" name="verify_LoginDDT" time="5.656"/>
  <testcase classname="testcases.TC003LoginDataDrivenTC" name="verify_LoginDDT" time="5.736"/>
</testsuite> <!-- testcases.TC003LoginDataDrivenTC -->
