<?xml version="1.0" encoding="UTF-8"?>
<!-- Generated by org.testng.reporters.JUnitReportReporter -->
<testsuite hostname="Mohammed_Arham" failures="0" tests="1" name="testcases.TC001_AccountRegisterTest" time="8.620" errors="0" timestamp="2025-07-22T18:22:40 EDT" skipped="0">
  <testcase classname="testcases.TC001_AccountRegisterTest" name="verify_AccountRegistration" time="8.620"/>
</testsuite> <!-- testcases.TC001_AccountRegisterTest -->
