<?xml version="1.0" encoding="UTF-8"?>
<!-- Generated by org.testng.reporters.JUnitReportReporter -->
<testsuite hostname="Mohammed_Arham" failures="0" tests="5" name="testcases.TC003LoginDataDrivenTC" time="33.871" errors="0" timestamp="2025-07-08T17:00:09 EDT" skipped="0">
  <testcase classname="testcases.TC003LoginDataDrivenTC" name="verify_LoginDDT" time="6.292"/>
  <testcase classname="testcases.TC003LoginDataDrivenTC" name="verify_LoginDDT" time="8.796"/>
  <testcase classname="testcases.TC003LoginDataDrivenTC" name="verify_LoginDDT" time="6.135"/>
  <testcase classname="testcases.TC003LoginDataDrivenTC" name="verify_LoginDDT" time="6.503"/>
  <testcase classname="testcases.TC003LoginDataDrivenTC" name="verify_LoginDDT" time="6.145"/>
</testsuite> <!-- testcases.TC003LoginDataDrivenTC -->
